Epoch 1/13
2571/2571 [==============================] - 484s 188ms/step - loss: 0.8396 - val_loss: 0.4179
Epoch 2/13
2571/2571 [==============================] - 485s 189ms/step - loss: 0.3024 - val_loss: 0.2201
Epoch 3/13
2571/2571 [==============================] - 484s 188ms/step - loss: 0.2012 - val_loss: 0.1774
Epoch 4/13
2571/2571 [==============================] - 485s 189ms/step - loss: 0.1692 - val_loss: 0.1498
Epoch 5/13
2571/2571 [==============================] - 487s 189ms/step - loss: 0.1561 - val_loss: 0.1427
Epoch 6/13
2571/2571 [==============================] - 486s 189ms/step - loss: 0.1489 - val_loss: 0.1435
Epoch 7/13
2571/2571 [==============================] - 486s 189ms/step - loss: 0.1444 - val_loss: 0.1334
Epoch 8/13
2571/2571 [==============================] - 487s 189ms/step - loss: 0.1407 - val_loss: 0.1321
Epoch 9/13
2571/2571 [==============================] - 486s 189ms/step - loss: 0.1382 - val_loss: 0.1281
Epoch 10/13
2571/2571 [==============================] - 484s 188ms/step - loss: 0.1367 - val_loss: 0.1245
Epoch 11/13
2571/2571 [==============================] - 483s 188ms/step - loss: 0.1343 - val_loss: 0.1256
Epoch 12/13
2571/2571 [==============================] - 483s 188ms/step - loss: 0.1330 - val_loss: 0.1224
Epoch 13/13
2571/2571 [==============================] - 485s 189ms/step - loss: 0.1320 - val_loss: 0.1246
[]
Loss per epoch: [0.8395684361457825, 0.30243390798568726, 0.20123443007469177, 0.16918615996837616, 0.15608219802379608, 0.148938849568367, 0.1444181501865387, 0.1406855583190918, 0.1382478028535843, 0.13668400049209595, 0.13429410755634308, 0.1329837292432785, 0.13195258378982544]
Validation loss per epoch: [0.4178527593612671, 0.22014977037906647, 0.17744261026382446, 0.14977067708969116, 0.14272257685661316, 0.14353226125240326, 0.13340945541858673, 0.1320943832397461, 0.12814611196517944, 0.12452490627765656, 0.12560822069644928, 0.12238582968711853, 0.12463095039129257]