Epoch 1/50
1/1 [==============================] - 0s 113ms/step - loss: 5.6014 - val_loss: 5.3945
Epoch 2/50
1/1 [==============================] - 0s 22ms/step - loss: 5.3945 - val_loss: 2.6264
Epoch 3/50
1/1 [==============================] - 0s 21ms/step - loss: 2.6264 - val_loss: 3.2648
Epoch 4/50
1/1 [==============================] - 0s 23ms/step - loss: 3.2648 - val_loss: 2.8299
Epoch 5/50
1/1 [==============================] - 0s 23ms/step - loss: 2.8299 - val_loss: 2.5420
Epoch 6/50
1/1 [==============================] - 0s 21ms/step - loss: 2.5420 - val_loss: 1.5521
Epoch 7/50
1/1 [==============================] - 0s 22ms/step - loss: 1.5521 - val_loss: 1.8302
Epoch 8/50
1/1 [==============================] - 0s 21ms/step - loss: 1.8302 - val_loss: 3.9462
Epoch 9/50
1/1 [==============================] - 0s 24ms/step - loss: 3.9462 - val_loss: 2.4090
Epoch 10/50
1/1 [==============================] - 0s 24ms/step - loss: 2.4090 - val_loss: 2.0830
Epoch 11/50
1/1 [==============================] - 0s 25ms/step - loss: 2.0830 - val_loss: 1.9947
Epoch 12/50
1/1 [==============================] - 0s 25ms/step - loss: 1.9947 - val_loss: 1.6676
Epoch 13/50
1/1 [==============================] - 0s 25ms/step - loss: 1.6676 - val_loss: 2.2821
Epoch 14/50
1/1 [==============================] - 0s 25ms/step - loss: 2.2821 - val_loss: 2.2448
Epoch 15/50
1/1 [==============================] - 0s 25ms/step - loss: 2.2448 - val_loss: 1.4461
Epoch 16/50
1/1 [==============================] - 0s 24ms/step - loss: 1.4461 - val_loss: 2.0004
Epoch 17/50
1/1 [==============================] - 0s 25ms/step - loss: 2.0004 - val_loss: 1.9289
Epoch 18/50
1/1 [==============================] - 0s 24ms/step - loss: 1.9289 - val_loss: 1.8269
Epoch 19/50
1/1 [==============================] - 0s 24ms/step - loss: 1.8269 - val_loss: 1.6773
Epoch 20/50
1/1 [==============================] - 0s 25ms/step - loss: 1.6773 - val_loss: 1.6032
Epoch 21/50
1/1 [==============================] - 0s 25ms/step - loss: 1.6032 - val_loss: 1.4597
Epoch 22/50
1/1 [==============================] - 0s 25ms/step - loss: 1.4597 - val_loss: 1.6729
Epoch 23/50
1/1 [==============================] - 0s 25ms/step - loss: 1.6729 - val_loss: 1.3861
Epoch 24/50
1/1 [==============================] - 0s 24ms/step - loss: 1.3861 - val_loss: 1.9018
Epoch 25/50
1/1 [==============================] - 0s 24ms/step - loss: 1.9018 - val_loss: 1.8658
Epoch 26/50
1/1 [==============================] - 0s 25ms/step - loss: 1.8658 - val_loss: 1.2457
Epoch 27/50
1/1 [==============================] - 0s 25ms/step - loss: 1.2457 - val_loss: 1.7569
Epoch 28/50
1/1 [==============================] - 0s 24ms/step - loss: 1.7569 - val_loss: 1.6376
Epoch 29/50
1/1 [==============================] - 0s 25ms/step - loss: 1.6376 - val_loss: 1.4522
Epoch 30/50
1/1 [==============================] - 0s 25ms/step - loss: 1.4522 - val_loss: 1.4344
Epoch 31/50
1/1 [==============================] - 0s 25ms/step - loss: 1.4344 - val_loss: 1.4635
Epoch 32/50
1/1 [==============================] - 0s 24ms/step - loss: 1.4635 - val_loss: 1.3661
Epoch 33/50
1/1 [==============================] - 0s 25ms/step - loss: 1.3661 - val_loss: 1.6470
Epoch 34/50
1/1 [==============================] - 0s 25ms/step - loss: 1.6470 - val_loss: 1.4545
Epoch 35/50
1/1 [==============================] - 0s 25ms/step - loss: 1.4545 - val_loss: 1.6098
Epoch 36/50
1/1 [==============================] - 0s 25ms/step - loss: 1.6098 - val_loss: 1.9350
Epoch 37/50
1/1 [==============================] - 0s 24ms/step - loss: 1.9350 - val_loss: 1.8235
Epoch 38/50
1/1 [==============================] - 0s 25ms/step - loss: 1.8235 - val_loss: 1.4451
Epoch 39/50
1/1 [==============================] - 0s 25ms/step - loss: 1.4451 - val_loss: 1.5352
Epoch 40/50
1/1 [==============================] - 0s 25ms/step - loss: 1.5352 - val_loss: 1.7158
Epoch 41/50
1/1 [==============================] - 0s 25ms/step - loss: 1.7158 - val_loss: 1.5566
Epoch 42/50
1/1 [==============================] - 0s 24ms/step - loss: 1.5566 - val_loss: 1.3638
Epoch 43/50
1/1 [==============================] - 0s 24ms/step - loss: 1.3638 - val_loss: 1.6014
Epoch 44/50
1/1 [==============================] - 0s 26ms/step - loss: 1.6014 - val_loss: 1.6177
Epoch 45/50
1/1 [==============================] - 0s 26ms/step - loss: 1.6177 - val_loss: 1.3463
Epoch 46/50
1/1 [==============================] - 0s 25ms/step - loss: 1.3463 - val_loss: 1.5266
Epoch 47/50
1/1 [==============================] - 0s 24ms/step - loss: 1.5266 - val_loss: 1.6963
Epoch 48/50
1/1 [==============================] - 0s 24ms/step - loss: 1.6963 - val_loss: 1.5753
Epoch 49/50
1/1 [==============================] - 0s 25ms/step - loss: 1.5753 - val_loss: 1.2428
Epoch 50/50
1/1 [==============================] - 0s 24ms/step - loss: 1.2428 - val_loss: 1.4128
[]
Loss per epoch: [5.601398468017578, 5.394482612609863, 2.626405715942383, 3.264828681945801, 2.8298580646514893, 2.5420045852661133, 1.5520554780960083, 1.8301756381988525, 3.9461734294891357, 2.4090206623077393, 2.082956552505493, 1.9947127103805542, 1.6676230430603027, 2.282109498977661, 2.244840145111084, 1.4460556507110596, 2.0003960132598877, 1.928931474685669, 1.826899766921997, 1.677262544631958, 1.6031705141067505, 1.4596848487854004, 1.6728919744491577, 1.3861311674118042, 1.9017653465270996, 1.8658320903778076, 1.2457349300384521, 1.7568546533584595, 1.6375775337219238, 1.4521886110305786, 1.4344035387039185, 1.4635381698608398, 1.3660529851913452, 1.647007942199707, 1.4544967412948608, 1.6098408699035645, 1.934990644454956, 1.8235033750534058, 1.4450902938842773, 1.535182237625122, 1.7158082723617554, 1.556627631187439, 1.3638287782669067, 1.6014381647109985, 1.6176881790161133, 1.3463283777236938, 1.5266480445861816, 1.6962614059448242, 1.575324296951294, 1.2428052425384521]
Validation loss per epoch: [5.3944830894470215, 2.6264050006866455, 3.264829397201538, 2.8298580646514893, 2.5420050621032715, 1.5520552396774292, 1.8301748037338257, 3.9461724758148193, 2.4090209007263184, 2.082956552505493, 1.9947128295898438, 1.6676231622695923, 2.282109498977661, 2.244840145111084, 1.4460557699203491, 2.0003957748413086, 1.928931474685669, 1.8268991708755493, 1.6772624254226685, 1.603170394897461, 1.4596844911575317, 1.6728918552398682, 1.3861310482025146, 1.901764988899231, 1.865831971168518, 1.2457350492477417, 1.7568541765213013, 1.6375776529312134, 1.4521890878677368, 1.434403419494629, 1.4635382890701294, 1.3660527467727661, 1.6470085382461548, 1.4544963836669922, 1.609840750694275, 1.9349912405014038, 1.8235036134719849, 1.4450905323028564, 1.5351823568344116, 1.7158089876174927, 1.556627869606018, 1.3638288974761963, 1.6014384031295776, 1.6176882982254028, 1.3463281393051147, 1.5266482830047607, 1.6962611675262451, 1.5753238201141357, 1.2428053617477417, 1.412822961807251]