Epoch 1/25
1937/1937 [==============================] - 365s 188ms/step - loss: 1.0058 - val_loss: 0.6316
Epoch 2/25
1937/1937 [==============================] - 365s 189ms/step - loss: 0.4885 - val_loss: 0.3523
Epoch 3/25
1937/1937 [==============================] - 367s 189ms/step - loss: 0.3007 - val_loss: 0.2366
Epoch 4/25
1937/1937 [==============================] - 367s 189ms/step - loss: 0.2149 - val_loss: 0.1779
Epoch 5/25
1937/1937 [==============================] - 366s 189ms/step - loss: 0.1778 - val_loss: 0.1613
Epoch 6/25
1937/1937 [==============================] - 365s 189ms/step - loss: 0.1605 - val_loss: 0.1447
Epoch 7/25
1937/1937 [==============================] - 366s 189ms/step - loss: 0.1513 - val_loss: 0.1386
Epoch 8/25
1937/1937 [==============================] - 366s 189ms/step - loss: 0.1471 - val_loss: 0.1332
Epoch 9/25
1937/1937 [==============================] - 366s 189ms/step - loss: 0.1432 - val_loss: 0.1328
Epoch 10/25
1937/1937 [==============================] - 365s 188ms/step - loss: 0.1408 - val_loss: 0.1354
Epoch 11/25
1937/1937 [==============================] - 366s 189ms/step - loss: 0.1391 - val_loss: 0.1283
Epoch 12/25
1937/1937 [==============================] - 365s 189ms/step - loss: 0.1373 - val_loss: 0.1270
Epoch 13/25
1937/1937 [==============================] - 366s 189ms/step - loss: 0.1356 - val_loss: 0.1264
Epoch 14/25
1937/1937 [==============================] - 366s 189ms/step - loss: 0.1344 - val_loss: 0.1261
Epoch 15/25
1937/1937 [==============================] - 366s 189ms/step - loss: 0.1338 - val_loss: 0.1258
Epoch 16/25
1937/1937 [==============================] - 367s 189ms/step - loss: 0.1323 - val_loss: 0.1253
Epoch 17/25
1937/1937 [==============================] - 367s 189ms/step - loss: 0.1317 - val_loss: 0.1239
Epoch 18/25
1937/1937 [==============================] - 366s 189ms/step - loss: 0.1310 - val_loss: 0.1291
Epoch 19/25
1937/1937 [==============================] - 365s 189ms/step - loss: 0.1301 - val_loss: 0.1344
Epoch 20/25
1937/1937 [==============================] - 366s 189ms/step - loss: 0.1295 - val_loss: 0.1257
Epoch 21/25
1937/1937 [==============================] - 366s 189ms/step - loss: 0.1285 - val_loss: 0.1247
Epoch 22/25
1937/1937 [==============================] - 365s 189ms/step - loss: 0.1285 - val_loss: 0.1201
Epoch 23/25
1937/1937 [==============================] - 365s 189ms/step - loss: 0.1275 - val_loss: 0.1179
Epoch 24/25
1937/1937 [==============================] - 365s 189ms/step - loss: 0.1272 - val_loss: 0.1186
Epoch 25/25
1937/1937 [==============================] - 365s 188ms/step - loss: 0.1267 - val_loss: 0.1209
[]
Loss per epoch: [1.005786657333374, 0.4885210394859314, 0.30070263147354126, 0.21490415930747986, 0.17784732580184937, 0.16048988699913025, 0.15125678479671478, 0.14714375138282776, 0.14320334792137146, 0.14079412817955017, 0.13907192647457123, 0.1372915506362915, 0.13563412427902222, 0.13441160321235657, 0.13377882540225983, 0.13227751851081848, 0.13170167803764343, 0.13104437291622162, 0.13010646402835846, 0.1294603943824768, 0.12850190699100494, 0.12847667932510376, 0.1275363564491272, 0.1271771937608719, 0.12672510743141174]
Validation loss per epoch: [0.6316397190093994, 0.35227158665657043, 0.23659703135490417, 0.17788924276828766, 0.16132840514183044, 0.1446753740310669, 0.13864755630493164, 0.1332198679447174, 0.13279351592063904, 0.13543206453323364, 0.12829375267028809, 0.12698809802532196, 0.12638358771800995, 0.1261308789253235, 0.1257925033569336, 0.12534312903881073, 0.12392742186784744, 0.12909403443336487, 0.13443954288959503, 0.1257123202085495, 0.12473315745592117, 0.12005911022424698, 0.11787658929824829, 0.11858492344617844, 0.12092545628547668]