Epoch 1/10
1405/1405 [==============================] - 263s 188ms/step - loss: 1.0880 - val_loss: 0.7162
Epoch 2/10
1405/1405 [==============================] - 279s 199ms/step - loss: 0.5737 - val_loss: 0.4337
Epoch 3/10
1405/1405 [==============================] - 265s 188ms/step - loss: 0.3721 - val_loss: 0.2938
Epoch 4/10
1405/1405 [==============================] - 266s 189ms/step - loss: 0.2703 - val_loss: 0.2243
Epoch 5/10
1405/1405 [==============================] - 265s 189ms/step - loss: 0.2143 - val_loss: 0.1794
Epoch 6/10
1405/1405 [==============================] - 264s 188ms/step - loss: 0.1844 - val_loss: 0.1569
Epoch 7/10
1405/1405 [==============================] - 265s 189ms/step - loss: 0.1663 - val_loss: 0.1517
Epoch 8/10
1405/1405 [==============================] - 264s 188ms/step - loss: 0.1570 - val_loss: 0.1416
Epoch 9/10
1405/1405 [==============================] - 263s 187ms/step - loss: 0.1520 - val_loss: 0.1394
Epoch 10/10
1405/1405 [==============================] - 264s 188ms/step - loss: 0.1480 - val_loss: 0.1403
[]
Loss per epoch: [1.088015079498291, 0.5737268924713135, 0.37211698293685913, 0.27033936977386475, 0.2143067866563797, 0.18440566956996918, 0.16634048521518707, 0.15703752636909485, 0.15202490985393524, 0.14802154898643494]
Validation loss per epoch: [0.7162250876426697, 0.4337328374385834, 0.29383930563926697, 0.22428029775619507, 0.17936578392982483, 0.1569102704524994, 0.15166819095611572, 0.14161339402198792, 0.13944748044013977, 0.14025235176086426]